<?xml version="1.0" encoding="UTF-8"?>
<!-- Generated by org.testng.reporters.JUnitReportReporter -->
<testsuite hostname="Madhuri" failures="0" tests="1" name="drimmble_Test_Property.drimmbleTestClass" time="9.006" errors="0" timestamp="2023-01-12T14:18:59 IST" skipped="0">
  <testcase classname="drimmble_Test_Property.drimmbleTestClass" name="validateUserName" time="9.006"/>
  <system-out/>
</testsuite> <!-- drimmble_Test_Property.drimmbleTestClass -->
